0 info it worked if it ends with ok
1 verbose cli [ '/Users/zhangyu/.nvm/versions/node/v6.10.2/bin/node',
1 verbose cli   '/Users/zhangyu/.nvm/versions/node/v6.10.2/bin/npm',
1 verbose cli   'run',
1 verbose cli   'server' ]
2 info using npm@3.10.10
3 info using node@v6.10.2
4 verbose run-script [ 'preserver', 'server', 'postserver' ]
5 info lifecycle crawl-blog@1.0.0~preserver: crawl-blog@1.0.0
6 silly lifecycle crawl-blog@1.0.0~preserver: no script for preserver, continuing
7 info lifecycle crawl-blog@1.0.0~server: crawl-blog@1.0.0
8 verbose lifecycle crawl-blog@1.0.0~server: unsafe-perm in lifecycle true
9 verbose lifecycle crawl-blog@1.0.0~server: PATH: /Users/zhangyu/.nvm/versions/node/v6.10.2/lib/node_modules/npm/bin/node-gyp-bin:/Users/zhangyu/web/web-all/node-all/crawl-blog/node_modules/.bin:/usr/local/Cellar/php@5.6/5.6.40/sbin:/usr/local/Cellar/php@5.6/5.6.40/bin:/Users/zhangyu/.nvm/versions/node/v6.10.2/bin:/usr/local/bin:/usr/bin:/bin:/usr/sbin:/sbin:/usr/local/opt/mysql@5.7/bin/:/usr/local/opt/mysql@5.7/bin/
10 verbose lifecycle crawl-blog@1.0.0~server: CWD: /Users/zhangyu/web/web-all/node-all/crawl-blog
11 silly lifecycle crawl-blog@1.0.0~server: Args: [ '-c', 'cd server && node index.js' ]
12 silly lifecycle crawl-blog@1.0.0~server: Returned: code: 1  signal: null
13 info lifecycle crawl-blog@1.0.0~server: Failed to exec server script
14 verbose stack Error: crawl-blog@1.0.0 server: `cd server && node index.js`
14 verbose stack Exit status 1
14 verbose stack     at EventEmitter.<anonymous> (/Users/zhangyu/.nvm/versions/node/v6.10.2/lib/node_modules/npm/lib/utils/lifecycle.js:255:16)
14 verbose stack     at emitTwo (events.js:106:13)
14 verbose stack     at EventEmitter.emit (events.js:191:7)
14 verbose stack     at ChildProcess.<anonymous> (/Users/zhangyu/.nvm/versions/node/v6.10.2/lib/node_modules/npm/lib/utils/spawn.js:40:14)
14 verbose stack     at emitTwo (events.js:106:13)
14 verbose stack     at ChildProcess.emit (events.js:191:7)
14 verbose stack     at maybeClose (internal/child_process.js:886:16)
14 verbose stack     at Process.ChildProcess._handle.onexit (internal/child_process.js:226:5)
15 verbose pkgid crawl-blog@1.0.0
16 verbose cwd /Users/zhangyu/web/web-all/node-all/crawl-blog
17 error Darwin 18.6.0
18 error argv "/Users/zhangyu/.nvm/versions/node/v6.10.2/bin/node" "/Users/zhangyu/.nvm/versions/node/v6.10.2/bin/npm" "run" "server"
19 error node v6.10.2
20 error npm  v3.10.10
21 error code ELIFECYCLE
22 error crawl-blog@1.0.0 server: `cd server && node index.js`
22 error Exit status 1
23 error Failed at the crawl-blog@1.0.0 server script 'cd server && node index.js'.
23 error Make sure you have the latest version of node.js and npm installed.
23 error If you do, this is most likely a problem with the crawl-blog package,
23 error not with npm itself.
23 error Tell the author that this fails on your system:
23 error     cd server && node index.js
23 error You can get information on how to open an issue for this project with:
23 error     npm bugs crawl-blog
23 error Or if that isn't available, you can get their info via:
23 error     npm owner ls crawl-blog
23 error There is likely additional logging output above.
24 verbose exit [ 1, true ]
